-----------------DJIKSTRA-----------------
Numero de vertices do grafo: Numero de arestas do grafo: 
Aresta 0
Origem: Destino: Peso: 
Aresta 1
Origem: Destino: Peso: 
Aresta 2
Origem: Destino: Peso: 
Aresta 3
Origem: Destino: Peso: 
Aresta 4
Origem: Destino: Peso: 
Aresta 5
Origem: Destino: Peso: 
Aresta 6
Origem: Destino: Peso: 
Aresta 7
Origem: Destino: Peso: 
Aresta 8
Origem: Destino: Peso: 
Aresta 9
Origem: Destino: Peso: 
Aresta 10
Origem: Destino: Peso: 
Aresta 11
Origem: Destino: Peso: 
Aresta 12
Origem: Destino: Peso: 
Aresta 13
Origem: Destino: Peso: 
Aresta 14
Origem: Destino: Peso: 
Aresta 15
Origem: Destino: Peso: 
Origem do menor caminho: Destino do menor caminho: 
O menor caminho entre 0 e 6 e: 11
